[ERROR] 2021-04-05 18:55:20.584 [main] ConverterApplication - start
[INFO ] 2021-04-05 18:55:21.827 [main] ConverterApplication - Starting ConverterApplication using Java 11.0.10 on DESKTOP-TKQAIUV with PID 9616 (C:\Users\Jorge Caceres\Documents\Jala\Prog 102\Proyecto final\JalaConverter\build\classes\java\main started by Jorge Caceres in C:\Users\Jorge Caceres\Documents\Jala\Prog 102\Proyecto final\JalaConverter)
[DEBUG] 2021-04-05 18:55:21.835 [main] ConverterApplication - Running with Spring Boot v2.4.4, Spring v5.3.5
[INFO ] 2021-04-05 18:55:21.836 [main] ConverterApplication - No active profile set, falling back to default profiles: default
[INFO ] 2021-04-05 18:55:27.191 [main] ConverterApplication - Started ConverterApplication in 6.436 seconds (JVM running for 8.129)
[INFO ] 2021-04-05 18:55:27.319 [main] ConverterApplication - finish
[INFO ] 2021-04-05 18:56:38.607 [Test worker] ConverterApplicationTests - Starting ConverterApplicationTests using Java 11.0.10 on DESKTOP-TKQAIUV with PID 5720 (started by Jorge Caceres in C:\Users\Jorge Caceres\Documents\Jala\Prog 102\Proyecto final\JalaConverter)
[DEBUG] 2021-04-05 18:56:38.617 [Test worker] ConverterApplicationTests - Running with Spring Boot v2.4.4, Spring v5.3.5
[INFO ] 2021-04-05 18:56:38.639 [Test worker] ConverterApplicationTests - No active profile set, falling back to default profiles: default
[INFO ] 2021-04-05 18:56:43.924 [Test worker] ConverterApplicationTests - Started ConverterApplicationTests in 5.799 seconds (JVM running for 9.799)
[INFO ] 2021-04-05 21:10:32.856 [main] ConverterApplication - start
[INFO ] 2021-04-05 21:10:37.343 [main] ConverterApplication - finish
[INFO ] 2021-04-05 21:12:36.164 [http-nio-8080-exec-6] ExtractTextController - start
[INFO ] 2021-04-05 21:12:36.957 [http-nio-8080-exec-6] ExtractTextController - finish
[INFO ] 2021-04-05 21:12:44.861 [http-nio-8080-exec-7] ExtractTextController - start
[INFO ] 2021-04-05 21:12:44.917 [http-nio-8080-exec-7] ExtractTextController - finish
[INFO ] 2021-04-06 16:49:51.682 [main] ConverterApplication - start
[INFO ] 2021-04-06 16:49:58.608 [main] ConverterApplication - finish
[INFO ] 2021-04-06 23:33:28.961 [main] ConverterApplication - start
[INFO ] 2021-04-06 23:33:41.766 [main] ConverterApplication - finish
[INFO ] 2021-04-07 10:49:15.875 [main] ConverterApplication - start
[INFO ] 2021-04-07 10:49:22.713 [main] ConverterApplication - finish
[INFO ] 2021-04-07 11:22:08.052 [main] ConverterApplication - start
[INFO ] 2021-04-07 11:23:18.799 [main] ConverterApplication - start
[INFO ] 2021-04-07 11:23:25.995 [main] ConverterApplication - finish
[INFO ] 2021-04-07 11:25:14.336 [http-nio-8080-exec-2] AuthController - Start.
[INFO ] 2021-04-07 11:31:47.250 [main] ConverterApplication - start
[INFO ] 2021-04-07 11:31:54.763 [main] ConverterApplication - finish
[INFO ] 2021-04-07 11:34:17.252 [main] ConverterApplication - start
[INFO ] 2021-04-07 11:36:16.813 [main] ConverterApplication - start
[INFO ] 2021-04-07 11:36:23.593 [main] ConverterApplication - finish
[INFO ] 2021-04-07 11:37:28.032 [http-nio-8080-exec-4] RunCommand - start
[INFO ] 2021-04-07 11:37:28.033 [http-nio-8080-exec-4] RunCommand - Execute Try
[INFO ] 2021-04-07 11:37:31.569 [http-nio-8080-exec-4] RunCommand - finish
[INFO ] 2021-04-07 11:38:26.523 [main] ConverterApplication - start
[INFO ] 2021-04-07 11:38:33.263 [main] ConverterApplication - finish
[INFO ] 2021-04-07 11:38:38.552 [http-nio-8080-exec-2] RunCommand - start
[INFO ] 2021-04-07 11:38:38.553 [http-nio-8080-exec-2] RunCommand - Execute Try
[INFO ] 2021-04-07 11:38:39.092 [http-nio-8080-exec-2] RunCommand - finish
[INFO ] 2021-04-07 11:43:26.373 [main] ConverterApplication - start
[INFO ] 2021-04-07 11:43:34.778 [main] ConverterApplication - finish
[INFO ] 2021-04-07 11:43:40.800 [http-nio-8080-exec-1] RunCommand - start
[INFO ] 2021-04-07 11:43:40.800 [http-nio-8080-exec-1] RunCommand - Execute Try
[INFO ] 2021-04-07 11:43:41.530 [http-nio-8080-exec-1] RunCommand - finish
[INFO ] 2021-04-07 11:44:32.693 [main] ConverterApplication - start
[INFO ] 2021-04-07 11:44:39.993 [main] ConverterApplication - finish
[INFO ] 2021-04-07 11:44:44.320 [http-nio-8080-exec-2] RunCommand - start
[INFO ] 2021-04-07 11:44:44.322 [http-nio-8080-exec-2] RunCommand - Execute Try
[INFO ] 2021-04-07 11:44:49.160 [http-nio-8080-exec-2] RunCommand - finish
[INFO ] 2021-04-07 11:47:39.900 [main] ConverterApplication - start
[INFO ] 2021-04-07 11:47:47.833 [main] ConverterApplication - finish
[INFO ] 2021-04-07 11:47:52.357 [http-nio-8080-exec-1] RunCommand - start
[INFO ] 2021-04-07 11:47:52.357 [http-nio-8080-exec-1] RunCommand - Execute Try
[INFO ] 2021-04-07 11:47:57.053 [http-nio-8080-exec-1] RunCommand - finish
[INFO ] 2021-04-07 11:56:23.078 [main] ConverterApplication - start
[INFO ] 2021-04-07 11:56:31.184 [main] ConverterApplication - finish
[INFO ] 2021-04-07 11:56:44.377 [http-nio-8080-exec-1] RunCommand - start
[INFO ] 2021-04-07 11:56:44.378 [http-nio-8080-exec-1] RunCommand - Execute Try
[INFO ] 2021-04-07 11:56:49.578 [http-nio-8080-exec-1] RunCommand - finish
[INFO ] 2021-04-07 11:57:51.341 [http-nio-8080-exec-4] RunCommand - start
[INFO ] 2021-04-07 11:57:51.342 [http-nio-8080-exec-4] RunCommand - Execute Try
[INFO ] 2021-04-07 11:57:55.280 [http-nio-8080-exec-4] RunCommand - finish
[INFO ] 2021-04-07 12:03:09.767 [main] ConverterApplication - start
[INFO ] 2021-04-07 12:03:17.432 [main] ConverterApplication - finish
[INFO ] 2021-04-07 12:03:24.473 [http-nio-8080-exec-2] RunCommand - start
[INFO ] 2021-04-07 12:03:24.475 [http-nio-8080-exec-2] RunCommand - Execute Try
[INFO ] 2021-04-07 12:03:28.753 [http-nio-8080-exec-2] RunCommand - finish
[INFO ] 2021-04-07 12:41:17.525 [main] ConverterApplication - start
[INFO ] 2021-04-07 12:41:23.668 [main] ConverterApplication - finish
[INFO ] 2021-04-07 12:42:26.746 [http-nio-8080-exec-1] AuthController - Start.
[INFO ] 2021-04-07 12:44:04.119 [http-nio-8080-exec-7] AuthController - Start.
